<?xml version="1.0"?>
<!DOCTYPE coverage SYSTEM "http://cobertura.sourceforge.net/xml/coverage-04.dtd">

<coverage line-rate="0.0" branch-rate="1.0" lines-covered="0" lines-valid="15" branches-covered="0" branches-valid="0" complexity="0.0" version="2.1.1" timestamp="1565993574236">
	<sources>
		<source>C:/Users/jacwilli/Projects/sonarTest/src/main/kotlin</source>
		<source>--source</source>
	</sources>
	<packages>
		<package name="" line-rate="0.0" branch-rate="1.0" complexity="0.0">
			<classes>
				<class name="Apples" filename="Apples.kt" line-rate="0.0" branch-rate="1.0" complexity="0.0">
					<methods>
						<method name="&lt;init&gt;" signature="()V" line-rate="0.0" branch-rate="1.0" complexity="0">
							<lines>
								<line number="2" hits="0" branch="false"/>
								<line number="3" hits="0" branch="false"/>
								<line number="4" hits="0" branch="false"/>
							</lines>
						</method>
						<method name="changeName" signature="(Ljava/lang/String;)V" line-rate="0.0" branch-rate="1.0" complexity="0">
							<lines>
								<line number="11" hits="0" branch="false"/>
								<line number="12" hits="0" branch="false"/>
							</lines>
						</method>
						<method name="getName" signature="()Ljava/lang/String;" line-rate="1.0" branch-rate="1.0" complexity="0">
							<lines>
							</lines>
						</method>
						<method name="getQty" signature="()I" line-rate="1.0" branch-rate="1.0" complexity="0">
							<lines>
							</lines>
						</method>
						<method name="setName" signature="(Ljava/lang/String;)V" line-rate="1.0" branch-rate="1.0" complexity="0">
							<lines>
							</lines>
						</method>
						<method name="setQty" signature="(I)V" line-rate="1.0" branch-rate="1.0" complexity="0">
							<lines>
							</lines>
						</method>
						<method name="takeBite" signature="(I)V" line-rate="0.0" branch-rate="1.0" complexity="0">
							<lines>
								<line number="7" hits="0" branch="false"/>
								<line number="8" hits="0" branch="false"/>
							</lines>
						</method>
					</methods>
					<lines>
						<line number="2" hits="0" branch="false"/>
						<line number="3" hits="0" branch="false"/>
						<line number="4" hits="0" branch="false"/>
						<line number="7" hits="0" branch="false"/>
						<line number="8" hits="0" branch="false"/>
						<line number="11" hits="0" branch="false"/>
						<line number="12" hits="0" branch="false"/>
					</lines>
				</class>
				<class name="MainKt" filename="Main.kt" line-rate="0.0" branch-rate="1.0" complexity="0.0">
					<methods>
						<method name="main" signature="()V" line-rate="0.0" branch-rate="1.0" complexity="0">
							<lines>
								<line number="2" hits="0" branch="false"/>
								<line number="3" hits="0" branch="false"/>
								<line number="4" hits="0" branch="false"/>
								<line number="6" hits="0" branch="false"/>
								<line number="7" hits="0" branch="false"/>
								<line number="8" hits="0" branch="false"/>
								<line number="9" hits="0" branch="false"/>
								<line number="10" hits="0" branch="false"/>
							</lines>
						</method>
					</methods>
					<lines>
						<line number="2" hits="0" branch="false"/>
						<line number="3" hits="0" branch="false"/>
						<line number="4" hits="0" branch="false"/>
						<line number="6" hits="0" branch="false"/>
						<line number="7" hits="0" branch="false"/>
						<line number="8" hits="0" branch="false"/>
						<line number="9" hits="0" branch="false"/>
						<line number="10" hits="0" branch="false"/>
					</lines>
				</class>
			</classes>
		</package>
	</packages>
</coverage>
